<?xml version="1.0" encoding="UTF-8"?>
<testsuite name="navegacion del menu de SauceDemo" tests="3" skipped="0" failures="3" errors="0" timestamp="2025-07-09T03:14:37" hostname="DESKTOP-ROM5H95" time="6.566">
  <properties/>
  <testcase name="navegacion exitosa a la seccion about" classname="navegacion del menu de SauceDemo" time="6.183">
    <failure message="java.lang.AssertionError: Expected validation about option&#10;Expected: is &lt;true&gt;&#10;     but: was &lt;false&gt;" type="java.lang.AssertionError">java.lang.AssertionError: Expected validation about option
Expected: is &lt;true&gt;
     but: was &lt;false&gt;
	at net.serenitybdd.screenplay.ErrorTally.throwSummaryExceptionFrom(ErrorTally.java:38)
	at net.serenitybdd.screenplay.ErrorTally.reportAnyErrors(ErrorTally.java:32)
	at net.serenitybdd.screenplay.Actor.should(Actor.java:397)
	at co.edu.udea.certificacion.menu.stepdefinitions.MenuNavigationStepDefinition.puedoVerLaSeccionAbout(MenuNavigationStepDefinition.java:40)
	at ✽.puedo ver la seccion About(file:///C:/Users/sebas/OneDrive/Documentos/Sebastian/UDEA/2025-1/Calidad%20de%20Software/Talleres/Automatizacion/sebastian/Demo%20Sauce/demosauce/src/test/resources/features/menu/menu_navigation.feature:10)
</failure>
  </testcase>
  <testcase name="Cerrar sesion exitosamente desde el menu" classname="navegacion del menu de SauceDemo" time="0.214">
    <failure message="io.cucumber.junit.UndefinedStepException: The step 'abro el menu y selecciono la opcion Logout' and 1 other step(s) are undefined.&#10;You can implement these steps using the snippet(s) below:&#10;&#10;@When(&quot;abro el menu y selecciono la opcion Logout&quot;)&#10;public void abroElMenuYSeleccionoLaOpcionLogout() {&#10;    // Write code here that turns the phrase above into concrete actions&#10;    throw new io.cucumber.java.PendingException();&#10;}&#10;@Then(&quot;debo volver a la pagina de inicio de sesion&quot;)&#10;public void deboVolverALaPaginaDeInicioDeSesion() {&#10;    // Write code here that turns the phrase above into concrete actions&#10;    throw new io.cucumber.java.PendingException();&#10;}&#10;" type="io.cucumber.junit.UndefinedStepException">io.cucumber.junit.UndefinedStepException: The step 'abro el menu y selecciono la opcion Logout' and 1 other step(s) are undefined.
You can implement these steps using the snippet(s) below:

@When(&quot;abro el menu y selecciono la opcion Logout&quot;)
public void abroElMenuYSeleccionoLaOpcionLogout() {
    // Write code here that turns the phrase above into concrete actions
    throw new io.cucumber.java.PendingException();
}
@Then(&quot;debo volver a la pagina de inicio de sesion&quot;)
public void deboVolverALaPaginaDeInicioDeSesion() {
    // Write code here that turns the phrase above into concrete actions
    throw new io.cucumber.java.PendingException();
}

</failure>
  </testcase>
  <testcase name="Reiniciar estado de la app desde el menu" classname="navegacion del menu de SauceDemo" time="0.169">
    <failure message="io.cucumber.junit.UndefinedStepException: The step 'abro el menu y selecciono la opcion Reset App State' and 1 other step(s) are undefined.&#10;You can implement these steps using the snippet(s) below:&#10;&#10;@When(&quot;abro el menu y selecciono la opcion Reset App State&quot;)&#10;public void abroElMenuYSeleccionoLaOpcionResetAppState() {&#10;    // Write code here that turns the phrase above into concrete actions&#10;    throw new io.cucumber.java.PendingException();&#10;}&#10;@Then(&quot;el carrito debe estar vacio y los botones de los productos deben estar en Add to cart&quot;)&#10;public void elCarritoDebeEstarVacioYLosBotonesDeLosProductosDebenEstarEnAddToCart() {&#10;    // Write code here that turns the phrase above into concrete actions&#10;    throw new io.cucumber.java.PendingException();&#10;}&#10;" type="io.cucumber.junit.UndefinedStepException">io.cucumber.junit.UndefinedStepException: The step 'abro el menu y selecciono la opcion Reset App State' and 1 other step(s) are undefined.
You can implement these steps using the snippet(s) below:

@When(&quot;abro el menu y selecciono la opcion Reset App State&quot;)
public void abroElMenuYSeleccionoLaOpcionResetAppState() {
    // Write code here that turns the phrase above into concrete actions
    throw new io.cucumber.java.PendingException();
}
@Then(&quot;el carrito debe estar vacio y los botones de los productos deben estar en Add to cart&quot;)
public void elCarritoDebeEstarVacioYLosBotonesDeLosProductosDebenEstarEnAddToCart() {
    // Write code here that turns the phrase above into concrete actions
    throw new io.cucumber.java.PendingException();
}

</failure>
  </testcase>
  <system-out><![CDATA[]]></system-out>
  <system-err><![CDATA[[Test worker] INFO  - 
  _____   ___   ___   _____     ___   _____     _     ___   _____   ___   ___  
 |_   _| | __| / __| |_   _|   / __| |_   _|   /_\   | _ \ |_   _| | __| |   \ 
   | |   | _|  \__ \   | |     \__ \   | |    / _ \  |   /   | |   | _|  | |) |
   |_|   |___| |___/   |_|     |___/   |_|   /_/ \_\ |_|_\   |_|   |___| |___/ 

navegacion exitosa a la seccion about(navegacion-del-menu-de-saucedemo;navegacion-exitosa-a-la-seccion-about)
--------------------------------------------------------------------------------
[Test worker] ERROR  - ?[91m
  _____   ___   ___   _____     ___     _     ___   _      ___   ___  
 |_   _| | __| / __| |_   _|   | __|   /_\   |_ _| | |    | __| |   \ 
   | |   | _|  \__ \   | |     | _|   / _ \   | |  | |__  | _|  | |) |
   |_|   |___| |___/   |_|     |_|   /_/ \_\ |___| |____| |___| |___/ 

navegacion exitosa a la seccion about
-----------------------------------------------------------------------?[0m
[Test worker] ERROR  - ?[91m    Test failed at step: Then validation about option?[0m
[Test worker] ERROR  - ?[91m    Expected validation about optionExpected: is <true> but: was <false>?[0m
[Test worker] INFO  - 
  _____   ___   ___   _____     ___   _____     _     ___   _____   ___   ___  
 |_   _| | __| / __| |_   _|   / __| |_   _|   /_\   | _ \ |_   _| | __| |   \ 
   | |   | _|  \__ \   | |     \__ \   | |    / _ \  |   /   | |   | _|  | |) |
   |_|   |___| |___/   |_|     |___/   |_|   /_/ \_\ |_|_\   |_|   |___| |___/ 

Cerrar sesion exitosamente desde el menu(navegacion-del-menu-de-saucedemo;cerrar-sesion-exitosamente-desde-el-menu)
--------------------------------------------------------------------------------
[Test worker] INFO  - ?[96m
  _____   ___   ___   _____     ___   ___   _  _   ___    ___   _  _    ___ 
 |_   _| | __| / __| |_   _|   | _ \ | __| | \| | |   \  |_ _| | \| |  / __|
   | |   | _|  \__ \   | |     |  _/ | _|  | .` | | |) |  | |  | .` | | (_ |
   |_|   |___| |___/   |_|     |_|   |___| |_|\_| |___/  |___| |_|\_|  \___|

Cerrar sesion exitosamente desde el menu
-----------------------------------------------------------------------------?[0m
[Test worker] INFO  - 
  _____   ___   ___   _____     ___   _____     _     ___   _____   ___   ___  
 |_   _| | __| / __| |_   _|   / __| |_   _|   /_\   | _ \ |_   _| | __| |   \ 
   | |   | _|  \__ \   | |     \__ \   | |    / _ \  |   /   | |   | _|  | |) |
   |_|   |___| |___/   |_|     |___/   |_|   /_/ \_\ |_|_\   |_|   |___| |___/ 

Reiniciar estado de la app desde el menu(navegacion-del-menu-de-saucedemo;reiniciar-estado-de-la-app-desde-el-menu)
--------------------------------------------------------------------------------
[Test worker] INFO  - ?[96m
  _____   ___   ___   _____     ___   ___   _  _   ___    ___   _  _    ___ 
 |_   _| | __| / __| |_   _|   | _ \ | __| | \| | |   \  |_ _| | \| |  / __|
   | |   | _|  \__ \   | |     |  _/ | _|  | .` | | |) |  | |  | .` | | (_ |
   |_|   |___| |___/   |_|     |_|   |___| |_|\_| |___/  |___| |_|\_|  \___|

Reiniciar estado de la app desde el menu
-----------------------------------------------------------------------------?[0m
]]></system-err>
</testsuite>
