<?xml version="1.0" encoding="UTF-8" standalone="no"?><testsuite errors="0" failures="1" name="navegacion del menu de SauceDemo" skipped="2" tests="3" time="0.57" timestamp="2025-07-08 10:14:37"><testcase name="navegacion exitosa a la seccion about"><failure message="Expected validation about option&#10;Expected: is &lt;true&gt;&#10;     but: was &lt;false&gt;" type="java.lang.AssertionError">Expected validation about option
Expected: is &lt;true&gt;
     but: was &lt;false&gt;</failure><system-err>Expected validation about option
Expected: is &lt;true&gt;
     but: was &lt;false&gt;&#13;
co.edu.udea.certificacion.menu.stepdefinitions.MenuNavigationStepDefinition.puedoVerLaSeccionAbout(MenuNavigationStepDefinition.java:40)&#13;
worker.org.gradle.process.internal.worker.GradleWorkerMain.run(GradleWorkerMain.java:69)&#13;
worker.org.gradle.process.internal.worker.GradleWorkerMain.main(GradleWorkerMain.java:74)&#13;
</system-err></testcase><testcase name="Cerrar sesion exitosamente desde el menu"><skipped/></testcase><testcase name="Reiniciar estado de la app desde el menu"><skipped/></testcase></testsuite>